<?xml version="1.0" encoding="UTF-8"?>
<!-- Generated by org.testng.reporters.JUnitReportReporter -->
<testsuite hostname="LT50081" failures="0" tests="1" name="com.petwebsite.com.petwebsite.Petstore" time="23.051" errors="0" timestamp="2022-11-23T20:42:47 IST" skipped="0">
  <testcase classname="com.petwebsite.com.petwebsite.Petstore" name="login" time="23.051"/>
  <system-out/>
</testsuite> <!-- com.petwebsite.com.petwebsite.Petstore -->
