<?xml version="1.0" encoding="UTF-8"?>
<!-- Generated by org.testng.reporters.JUnitReportReporter -->
<testsuite hostname="LT50081" failures="0" tests="1" name="petWebsite.petWebsite.PetstoreMain" time="23.843" errors="0" timestamp="2022-11-24T15:36:34 IST" skipped="0">
  <testcase classname="petWebsite.petWebsite.PetstoreMain" name="login" time="23.843"/>
  <system-out/>
</testsuite> <!-- petWebsite.petWebsite.PetstoreMain -->
